d:\documents\github\roguearcher\x64\debug\vc142.pdb
d:\documents\github\roguearcher\x64\debug\vc142.idb
d:\documents\github\roguearcher\x64\debug\gamestatemanager.obj
d:\documents\github\roguearcher\x64\debug\fileio.obj
d:\documents\github\roguearcher\x64\debug\engineio.obj
d:\documents\github\roguearcher\x64\debug\baseentity.obj
d:\documents\github\roguearcher\x64\debug\basecomponent.obj
d:\documents\github\roguearcher\x64\debug\shape.obj
d:\documents\github\roguearcher\x64\debug\rotatable.obj
d:\documents\github\roguearcher\x64\debug\material.obj
d:\documents\github\roguearcher\x64\debug\collider.obj
d:\documents\github\roguearcher\x64\debug\circlecollider2d.obj
d:\documents\github\roguearcher\x64\debug\circle.obj
d:\documents\github\roguearcher\x64\debug\triangle.obj
d:\documents\github\roguearcher\x64\debug\shader.obj
d:\documents\github\roguearcher\x64\debug\quad.obj
d:\documents\github\roguearcher\x64\debug\logger.obj
d:\documents\github\roguearcher\x64\debug\library.obj
d:\documents\github\roguearcher\x64\debug\inputmanager.obj
d:\documents\github\roguearcher\x64\debug\vector2d.obj
d:\documents\github\roguearcher\x64\debug\remath.obj
d:\documents\github\roguearcher\x64\debug\matrix33.obj
d:\documents\github\roguearcher\x64\debug\main.obj
d:\documents\github\roguearcher\x64\debug\transform.obj
d:\documents\github\roguearcher\x64\debug\rigidbody.obj
d:\documents\github\roguearcher\x64\debug\polygon.obj
d:\documents\github\roguearcher\x64\debug\physicssystem.obj
d:\documents\github\roguearcher\x64\debug\obb.obj
d:\documents\github\roguearcher\x64\debug\collisionmanager.obj
d:\documents\github\roguearcher\x64\debug\aabb.obj
d:\documents\github\roguearcher\x64\debug\reengine.obj
d:\documents\github\roguearcher\x64\debug\boxcollider2d.obj
d:\documents\github\roguearcher\x64\debug\gam200.exe
d:\documents\github\roguearcher\x64\debug\gam200.pdb
d:\documents\github\roguearcher\x64\debug\gam200.tlog\cl.command.1.tlog
d:\documents\github\roguearcher\x64\debug\gam200.tlog\cl.read.1.tlog
d:\documents\github\roguearcher\x64\debug\gam200.tlog\cl.write.1.tlog
d:\documents\github\roguearcher\x64\debug\gam200.tlog\link.28448.delete.1.tlog
d:\documents\github\roguearcher\x64\debug\gam200.tlog\link.command.1.tlog
d:\documents\github\roguearcher\x64\debug\gam200.tlog\link.read.1.tlog
d:\documents\github\roguearcher\x64\debug\gam200.tlog\link.write.1.tlog
